autoscan: warning: missing AC_CHECK_FUNCS([sqrt]) wanted by: 
	code/fractal.cpp:84
autoscan: warning: missing AC_CHECK_HEADERS([unistd.h]) wanted by: 
	code/main.cpp:27
autoscan: warning: missing AC_CHECK_HEADER_STDBOOL wanted by: 
	code/ac.cpp:11
	code/ac.cpp:12
	code/ac.cpp:13
	code/ac.cpp:20
	code/ac.cpp:83
	code/ac.cpp:111
	code/ac.cpp:111
	code/ac.cpp:353
	code/ac.cpp:557
	code/ac.cpp:558
	code/ac.cpp:1028
	code/ac.h:38
	code/ac.h:45
	code/ac.h:53
	code/ac.h:61
	code/ac.h:61
	code/ac.h:102
	code/fractal.cpp:61
	code/fractal.cpp:73
	code/fractal.cpp:101
	code/fractal.h:10
	code/main.cpp:42
	code/main.cpp:167
	code/ac.cpp:11
	code/ac.cpp:11
	code/ac.cpp:11
	code/ac.cpp:11
	code/ac.cpp:11
	code/ac.cpp:11
	code/ac.cpp:11
	code/ac.cpp:11
	code/ac.cpp:11
	code/ac.cpp:12
	code/ac.cpp:12
	code/ac.cpp:12
	code/ac.cpp:13
	code/ac.cpp:20
	code/ac.cpp:91
	code/ac.cpp:100
	code/ac.cpp:101
	code/ac.cpp:104
	code/ac.cpp:105
	code/ac.cpp:106
	code/ac.cpp:107
	code/ac.cpp:353
	code/ac.cpp:621
	code/ac.cpp:660
	code/ac.cpp:697
	code/ac.cpp:1028
	code/fractal.cpp:79
	code/fractal.cpp:110
	code/fractal.h:10
	code/main.cpp:94
	code/main.cpp:128
	code/main.cpp:141
	code/main.cpp:143
	code/main.cpp:149
	code/main.cpp:173
	code/main.cpp:174
	code/main.cpp:181
	code/main.cpp:253
	code/main.cpp:274
	code/main.cpp:277
	code/main.cpp:299
	code/main.cpp:319
	code/main.cpp:325
	code/main.cpp:328
	code/main.cpp:335
	code/main.cpp:341
	code/main.cpp:349
	code/main.cpp:355
	code/main.cpp:361
	code/main.cpp:367
	code/main.cpp:372
	code/main.cpp:392
	code/ac.cpp:67
	code/ac.cpp:71
	code/ac.cpp:83
	code/ac.cpp:85
	code/ac.cpp:95
	code/ac.cpp:126
	code/ac.cpp:141
	code/ac.cpp:178
	code/ac.cpp:194
	code/ac.cpp:209
	code/ac.cpp:234
	code/ac.cpp:246
	code/ac.cpp:265
	code/ac.cpp:283
	code/ac.cpp:332
	code/ac.cpp:347
	code/ac.cpp:360
	code/ac.cpp:365
	code/ac.cpp:381
	code/ac.cpp:398
	code/ac.cpp:413
	code/ac.cpp:425
	code/ac.cpp:429
	code/ac.cpp:444
	code/ac.cpp:557
	code/ac.cpp:558
	code/ac.cpp:601
	code/ac.cpp:617
	code/ac.cpp:639
	code/ac.cpp:655
	code/ac.cpp:676
	code/ac.cpp:693
	code/ac.cpp:726
	code/ac.cpp:748
	code/ac.cpp:769
	code/ac.cpp:789
	code/ac.cpp:810
	code/ac.cpp:839
	code/ac.cpp:868
	code/ac.cpp:915
	code/ac.cpp:1467
	code/fractal.cpp:84
	code/fractal.cpp:93
	code/fractal.cpp:101
	code/fractal.cpp:102
	code/fractal.cpp:111
	code/main.cpp:76
	code/main.cpp:80
	code/main.cpp:97
	code/main.cpp:142
	code/main.cpp:167
	code/main.cpp:171
	code/main.cpp:249
	code/main.cpp:249
	code/main.cpp:273
	code/main.cpp:276
	code/main.cpp:318
	code/main.cpp:324
	code/main.cpp:327
	code/main.cpp:334
	code/main.cpp:340
	code/main.cpp:343
	code/main.cpp:343
	code/main.cpp:348
	code/main.cpp:354
	code/main.cpp:360
	code/main.cpp:366
	code/main.cpp:371
	code/main.cpp:383
	code/main.cpp:386
	code/main.cpp:395
	code/main.cpp:401
	code/main.cpp:405
	code/main.cpp:411
	code/main.cpp:441
autoscan: warning: missing AC_C_INLINE wanted by: 
	code/ac.cpp:29
	code/ac.cpp:32
	code/ac.cpp:65
	code/ac.cpp:80
	code/ac.cpp:575
	code/ac.cpp:580
	code/ac.h:56
	code/ac.h:57
	code/ac.h:58
	code/ac.h:59
	code/main.cpp:42
autoscan: warning: missing AC_PREREQ wanted by: 
	autoscan
