This file contains any messages produced by compilers while
running configure, to aid debugging if configure makes a mistake.

It was created by AcidCam configure 2.0.19, which was
generated by GNU Autoconf 2.69.  Invocation command line was

  $ ./configure --prefix=/usr/local

## --------- ##
## Platform. ##
## --------- ##

hostname = LostSideDead
uname -m = x86_64
uname -r = 15.4.0
uname -s = Darwin
uname -v = Darwin Kernel Version 15.4.0: Fri Feb 26 22:08:05 PST 2016; root:xnu-3248.40.184~3/RELEASE_X86_64

/usr/bin/uname -p = i386
/bin/uname -X     = unknown

/bin/arch              = unknown
/usr/bin/arch -k       = unknown
/usr/convex/getsysinfo = unknown
/usr/bin/hostinfo      = Mach kernel version:
	 Darwin Kernel Version 15.4.0: Fri Feb 26 22:08:05 PST 2016; root:xnu-3248.40.184~3/RELEASE_X86_64
Kernel configured for up to 8 processors.
4 processors are physically available.
8 processors are logically available.
Processor type: i486 (Intel 80486)
Processors active: 0 1 2 3 4 5 6 7
Primary memory available: 10.00 gigabytes
Default processor set: 331 tasks, 1396 threads, 8 processors
Load average: 1.13, Mach factor: 6.86
/bin/machine           = unknown
/usr/bin/oslevel       = unknown
/bin/universe          = unknown

PATH: /Volumes/LostSideDrive/Android/android-ndk-r10e
PATH: /Volumes/LostSideDrive/Android/android-ndk-r10e/prebuilt/darwin-x86_64/bin
PATH: /Volumes/LostSideDrive/Android/android-sdk-macosx/platform-tools
PATH: /Volumes/LostSideDrive/Android/android-sdk-macosx/tools
PATH: /opt/local/bin
PATH: /opt/local/sbin
PATH: /opt/local/bin
PATH: /opt/local/sbin
PATH: /opt/local/bin
PATH: /opt/local/sbin
PATH: /Users/jared/mingw-w64/bin
PATH: /usr/local/bin
PATH: /usr/bin
PATH: /bin
PATH: /usr/sbin
PATH: /sbin
PATH: /opt/X11/bin
PATH: /Users/jared/Downloads/adt-bundle-mac-x86_64-20140321/sdk/platform-tools


## ----------- ##
## Core tests. ##
## ----------- ##

configure:2296: checking for a BSD-compatible install
configure:2364: result: /usr/bin/install -c
configure:2375: checking whether build environment is sane
configure:2430: result: yes
configure:2581: checking for a thread-safe mkdir -p
configure:2620: result: ./install-sh -c -d
configure:2627: checking for gawk
configure:2657: result: no
configure:2627: checking for mawk
configure:2657: result: no
configure:2627: checking for nawk
configure:2657: result: no
configure:2627: checking for awk
configure:2643: found /Volumes/LostSideDrive/Android/android-ndk-r10e/prebuilt/darwin-x86_64/bin/awk
configure:2654: result: awk
configure:2665: checking whether make sets $(MAKE)
configure:2687: result: yes
configure:2716: checking whether make supports nested variables
configure:2733: result: yes
configure:2917: checking for g++
configure:2933: found /usr/bin/g++
configure:2944: result: g++
configure:2971: checking for C++ compiler version
configure:2980: g++ --version >&5
Apple LLVM version 7.0.2 (clang-700.1.81)
Target: x86_64-apple-darwin15.4.0
Thread model: posix
Configured with: --prefix=/Applications/Xcode.app/Contents/Developer/usr --with-gxx-include-dir=/Applications/Xcode.app/Contents/Developer/Platforms/MacOSX.platform/Developer/SDKs/MacOSX10.11.sdk/usr/include/c++/4.2.1
configure:2991: $? = 0
configure:2980: g++ -v >&5
Configured with: --prefix=/Applications/Xcode.app/Contents/Developer/usr --with-gxx-include-dir=/Applications/Xcode.app/Contents/Developer/Platforms/MacOSX.platform/Developer/SDKs/MacOSX10.11.sdk/usr/include/c++/4.2.1
Apple LLVM version 7.0.2 (clang-700.1.81)
Target: x86_64-apple-darwin15.4.0
Thread model: posix
configure:2991: $? = 0
configure:2980: g++ -V >&5
clang: error: argument to '-V' is missing (expected 1 value)
clang: error: no input files
configure:2991: $? = 1
configure:2980: g++ -qversion >&5
clang: error: unknown argument: '-qversion'
clang: error: no input files
configure:2991: $? = 1
configure:3011: checking whether the C++ compiler works
configure:3033: g++    conftest.cpp  >&5
configure:3037: $? = 0
configure:3085: result: yes
configure:3088: checking for C++ compiler default output file name
configure:3090: result: a.out
configure:3096: checking for suffix of executables
configure:3103: g++ -o conftest    conftest.cpp  >&5
configure:3107: $? = 0
configure:3129: result: 
configure:3151: checking whether we are cross compiling
configure:3159: g++ -o conftest    conftest.cpp  >&5
configure:3163: $? = 0
configure:3170: ./conftest
configure:3174: $? = 0
configure:3189: result: no
configure:3194: checking for suffix of object files
configure:3216: g++ -c   conftest.cpp >&5
configure:3220: $? = 0
configure:3241: result: o
configure:3245: checking whether we are using the GNU C++ compiler
configure:3264: g++ -c   conftest.cpp >&5
configure:3264: $? = 0
configure:3273: result: yes
configure:3282: checking whether g++ accepts -g
configure:3302: g++ -c -g  conftest.cpp >&5
configure:3302: $? = 0
configure:3343: result: yes
configure:3377: checking for style of include used by make
configure:3405: result: GNU
configure:3431: checking dependency style of g++
configure:3542: result: gcc3
configure:3605: checking for gcc
configure:3621: found /usr/bin/gcc
configure:3632: result: gcc
configure:3861: checking for C compiler version
configure:3870: gcc --version >&5
Apple LLVM version 7.0.2 (clang-700.1.81)
Target: x86_64-apple-darwin15.4.0
Thread model: posix
Configured with: --prefix=/Applications/Xcode.app/Contents/Developer/usr --with-gxx-include-dir=/Applications/Xcode.app/Contents/Developer/Platforms/MacOSX.platform/Developer/SDKs/MacOSX10.11.sdk/usr/include/c++/4.2.1
configure:3881: $? = 0
configure:3870: gcc -v >&5
Configured with: --prefix=/Applications/Xcode.app/Contents/Developer/usr --with-gxx-include-dir=/Applications/Xcode.app/Contents/Developer/Platforms/MacOSX.platform/Developer/SDKs/MacOSX10.11.sdk/usr/include/c++/4.2.1
Apple LLVM version 7.0.2 (clang-700.1.81)
Target: x86_64-apple-darwin15.4.0
Thread model: posix
configure:3881: $? = 0
configure:3870: gcc -V >&5
clang: error: argument to '-V' is missing (expected 1 value)
clang: error: no input files
configure:3881: $? = 1
configure:3870: gcc -qversion >&5
clang: error: unknown argument: '-qversion'
clang: error: no input files
configure:3881: $? = 1
configure:3885: checking whether we are using the GNU C compiler
configure:3904: gcc -c   conftest.c >&5
configure:3904: $? = 0
configure:3913: result: yes
configure:3922: checking whether gcc accepts -g
configure:3942: gcc -c -g  conftest.c >&5
configure:3942: $? = 0
configure:3983: result: yes
configure:4000: checking for gcc option to accept ISO C89
configure:4063: gcc  -c -g -O2  conftest.c >&5
configure:4063: $? = 0
configure:4076: result: none needed
configure:4101: checking whether gcc understands -c and -o together
configure:4123: gcc -c conftest.c -o conftest2.o
configure:4126: $? = 0
configure:4123: gcc -c conftest.c -o conftest2.o
configure:4126: $? = 0
configure:4138: result: yes
configure:4157: checking dependency style of gcc
configure:4268: result: gcc3
configure:4297: checking how to run the C++ preprocessor
configure:4324: g++ -E  conftest.cpp
configure:4324: $? = 0
configure:4338: g++ -E  conftest.cpp
conftest.cpp:11:10: fatal error: 'ac_nonexistent.h' file not found
#include <ac_nonexistent.h>
         ^
1 error generated.
configure:4338: $? = 1
configure: failed program was:
| /* confdefs.h */
| #define PACKAGE_NAME "AcidCam"
| #define PACKAGE_TARNAME "acidcam"
| #define PACKAGE_VERSION "2.0.19"
| #define PACKAGE_STRING "AcidCam 2.0.19"
| #define PACKAGE_BUGREPORT "jaredbruni@gmail.com"
| #define PACKAGE_URL ""
| #define PACKAGE "acidcam"
| #define VERSION "2.0.19"
| /* end confdefs.h.  */
| #include <ac_nonexistent.h>
configure:4363: result: g++ -E
configure:4383: g++ -E  conftest.cpp
configure:4383: $? = 0
configure:4397: g++ -E  conftest.cpp
conftest.cpp:11:10: fatal error: 'ac_nonexistent.h' file not found
#include <ac_nonexistent.h>
         ^
1 error generated.
configure:4397: $? = 1
configure: failed program was:
| /* confdefs.h */
| #define PACKAGE_NAME "AcidCam"
| #define PACKAGE_TARNAME "acidcam"
| #define PACKAGE_VERSION "2.0.19"
| #define PACKAGE_STRING "AcidCam 2.0.19"
| #define PACKAGE_BUGREPORT "jaredbruni@gmail.com"
| #define PACKAGE_URL ""
| #define PACKAGE "acidcam"
| #define VERSION "2.0.19"
| /* end confdefs.h.  */
| #include <ac_nonexistent.h>
configure:4426: checking for grep that handles long lines and -e
configure:4484: result: /usr/bin/grep
configure:4489: checking for egrep
configure:4551: result: /usr/bin/grep -E
configure:4556: checking for ANSI C header files
configure:4576: g++ -c -g -O2  conftest.cpp >&5
configure:4576: $? = 0
configure:4649: g++ -o conftest -g -O2   conftest.cpp  >&5
configure:4649: $? = 0
configure:4649: ./conftest
configure:4649: $? = 0
configure:4660: result: yes
configure:4673: checking for sys/types.h
configure:4673: g++ -c -g -O2  conftest.cpp >&5
configure:4673: $? = 0
configure:4673: result: yes
configure:4673: checking for sys/stat.h
configure:4673: g++ -c -g -O2  conftest.cpp >&5
configure:4673: $? = 0
configure:4673: result: yes
configure:4673: checking for stdlib.h
configure:4673: g++ -c -g -O2  conftest.cpp >&5
configure:4673: $? = 0
configure:4673: result: yes
configure:4673: checking for string.h
configure:4673: g++ -c -g -O2  conftest.cpp >&5
configure:4673: $? = 0
configure:4673: result: yes
configure:4673: checking for memory.h
configure:4673: g++ -c -g -O2  conftest.cpp >&5
configure:4673: $? = 0
configure:4673: result: yes
configure:4673: checking for strings.h
configure:4673: g++ -c -g -O2  conftest.cpp >&5
configure:4673: $? = 0
configure:4673: result: yes
configure:4673: checking for inttypes.h
configure:4673: g++ -c -g -O2  conftest.cpp >&5
configure:4673: $? = 0
configure:4673: result: yes
configure:4673: checking for stdint.h
configure:4673: g++ -c -g -O2  conftest.cpp >&5
configure:4673: $? = 0
configure:4673: result: yes
configure:4673: checking for unistd.h
configure:4673: g++ -c -g -O2  conftest.cpp >&5
configure:4673: $? = 0
configure:4673: result: yes
configure:4687: checking for unistd.h
configure:4687: result: yes
configure:4699: checking for stdbool.h that conforms to C99
configure:4766: g++ -c -g -O2  conftest.cpp >&5
conftest.cpp:71:24: warning: address of 's' will always evaluate to 'true' [-Wpointer-bool-conversion]
             bool e = &s;
                  ~    ^
conftest.cpp:75:23: warning: address of array 'a' will always evaluate to 'true' [-Wpointer-bool-conversion]
             return (!a + !b + !c + !d + !e + !f + !g + !h + !i + !!j + !k + !!l
                     ~^
conftest.cpp:75:28: warning: address of array 'b' will always evaluate to 'true' [-Wpointer-bool-conversion]
             return (!a + !b + !c + !d + !e + !f + !g + !h + !i + !!j + !k + !!l
                          ~^
conftest.cpp:75:33: warning: address of array 'c' will always evaluate to 'true' [-Wpointer-bool-conversion]
             return (!a + !b + !c + !d + !e + !f + !g + !h + !i + !!j + !k + !!l
                               ~^
conftest.cpp:75:38: warning: address of array 'd' will always evaluate to 'true' [-Wpointer-bool-conversion]
             return (!a + !b + !c + !d + !e + !f + !g + !h + !i + !!j + !k + !!l
                                    ~^
conftest.cpp:75:48: warning: address of array 'f' will always evaluate to 'true' [-Wpointer-bool-conversion]
             return (!a + !b + !c + !d + !e + !f + !g + !h + !i + !!j + !k + !!l
                                              ~^
conftest.cpp:75:53: warning: address of array 'g' will always evaluate to 'true' [-Wpointer-bool-conversion]
             return (!a + !b + !c + !d + !e + !f + !g + !h + !i + !!j + !k + !!l
                                                   ~^
conftest.cpp:75:58: warning: address of array 'h' will always evaluate to 'true' [-Wpointer-bool-conversion]
             return (!a + !b + !c + !d + !e + !f + !g + !h + !i + !!j + !k + !!l
                                                        ~^
conftest.cpp:75:63: warning: address of array 'i' will always evaluate to 'true' [-Wpointer-bool-conversion]
             return (!a + !b + !c + !d + !e + !f + !g + !h + !i + !!j + !k + !!l
                                                             ~^
conftest.cpp:76:30: warning: address of array 'n' will always evaluate to 'true' [-Wpointer-bool-conversion]
                            ~^
conftest.cpp:76:35: warning: address of array 'o' will always evaluate to 'true' [-Wpointer-bool-conversion]
                                 ~^
conftest.cpp:76:40: warning: address of array 'p' will always evaluate to 'true' [-Wpointer-bool-conversion]
                                      ~^
12 warnings generated.
configure:4766: $? = 0
configure:4773: result: yes
configure:4775: checking for _Bool
configure:4775: g++ -c -g -O2  conftest.cpp >&5
conftest.cpp:58:13: error: use of undeclared identifier '_Bool'
if (sizeof (_Bool))
            ^
1 error generated.
configure:4775: $? = 1
configure: failed program was:
| /* confdefs.h */
| #define PACKAGE_NAME "AcidCam"
| #define PACKAGE_TARNAME "acidcam"
| #define PACKAGE_VERSION "2.0.19"
| #define PACKAGE_STRING "AcidCam 2.0.19"
| #define PACKAGE_BUGREPORT "jaredbruni@gmail.com"
| #define PACKAGE_URL ""
| #define PACKAGE "acidcam"
| #define VERSION "2.0.19"
| #define STDC_HEADERS 1
| #define HAVE_SYS_TYPES_H 1
| #define HAVE_SYS_STAT_H 1
| #define HAVE_STDLIB_H 1
| #define HAVE_STRING_H 1
| #define HAVE_MEMORY_H 1
| #define HAVE_STRINGS_H 1
| #define HAVE_INTTYPES_H 1
| #define HAVE_STDINT_H 1
| #define HAVE_UNISTD_H 1
| #define HAVE_UNISTD_H 1
| /* end confdefs.h.  */
| #include <stdio.h>
| #ifdef HAVE_SYS_TYPES_H
| # include <sys/types.h>
| #endif
| #ifdef HAVE_SYS_STAT_H
| # include <sys/stat.h>
| #endif
| #ifdef STDC_HEADERS
| # include <stdlib.h>
| # include <stddef.h>
| #else
| # ifdef HAVE_STDLIB_H
| #  include <stdlib.h>
| # endif
| #endif
| #ifdef HAVE_STRING_H
| # if !defined STDC_HEADERS && defined HAVE_MEMORY_H
| #  include <memory.h>
| # endif
| # include <string.h>
| #endif
| #ifdef HAVE_STRINGS_H
| # include <strings.h>
| #endif
| #ifdef HAVE_INTTYPES_H
| # include <inttypes.h>
| #endif
| #ifdef HAVE_STDINT_H
| # include <stdint.h>
| #endif
| #ifdef HAVE_UNISTD_H
| # include <unistd.h>
| #endif
| int
| main ()
| {
| if (sizeof (_Bool))
| 	 return 0;
|   ;
|   return 0;
| }
configure:4775: result: no
configure:4786: checking for inline
configure:4802: g++ -c -g -O2  conftest.cpp >&5
configure:4802: $? = 0
configure:4810: result: inline
configure:4832: checking for sqrt
configure:4832: g++ -o conftest -g -O2   conftest.cpp  >&5
configure:4832: $? = 0
configure:4832: result: yes
configure:4846: checking for pkg-config
configure:4899: result: /opt/local/bin/pkg-config
configure:5034: checking that generated files are newer than configure
configure:5040: result: done
configure:5067: creating ./config.status

## ---------------------- ##
## Running config.status. ##
## ---------------------- ##

This file was extended by AcidCam config.status 2.0.19, which was
generated by GNU Autoconf 2.69.  Invocation command line was

  CONFIG_FILES    = 
  CONFIG_HEADERS  = 
  CONFIG_LINKS    = 
  CONFIG_COMMANDS = 
  $ ./config.status 

on LostSideDead

config.status:864: creating Makefile
config.status:864: creating code/Makefile
config.status:864: creating config.h
config.status:1045: config.h is unchanged
config.status:1093: executing depfiles commands

## ---------------- ##
## Cache variables. ##
## ---------------- ##

ac_cv_c_compiler_gnu=yes
ac_cv_c_inline=inline
ac_cv_cxx_compiler_gnu=yes
ac_cv_env_CCC_set=
ac_cv_env_CCC_value=
ac_cv_env_CC_set=
ac_cv_env_CC_value=
ac_cv_env_CFLAGS_set=
ac_cv_env_CFLAGS_value=
ac_cv_env_CPPFLAGS_set=
ac_cv_env_CPPFLAGS_value=
ac_cv_env_CXXCPP_set=
ac_cv_env_CXXCPP_value=
ac_cv_env_CXXFLAGS_set=
ac_cv_env_CXXFLAGS_value=
ac_cv_env_CXX_set=
ac_cv_env_CXX_value=
ac_cv_env_LDFLAGS_set=
ac_cv_env_LDFLAGS_value=
ac_cv_env_LIBS_set=
ac_cv_env_LIBS_value=
ac_cv_env_build_alias_set=
ac_cv_env_build_alias_value=
ac_cv_env_host_alias_set=
ac_cv_env_host_alias_value=
ac_cv_env_target_alias_set=
ac_cv_env_target_alias_value=
ac_cv_func_sqrt=yes
ac_cv_header_inttypes_h=yes
ac_cv_header_memory_h=yes
ac_cv_header_stdbool_h=yes
ac_cv_header_stdc=yes
ac_cv_header_stdint_h=yes
ac_cv_header_stdlib_h=yes
ac_cv_header_string_h=yes
ac_cv_header_strings_h=yes
ac_cv_header_sys_stat_h=yes
ac_cv_header_sys_types_h=yes
ac_cv_header_unistd_h=yes
ac_cv_objext=o
ac_cv_path_EGREP='/usr/bin/grep -E'
ac_cv_path_GREP=/usr/bin/grep
ac_cv_path_install='/usr/bin/install -c'
ac_cv_prog_AWK=awk
ac_cv_prog_CXXCPP='g++ -E'
ac_cv_prog_ac_ct_CC=gcc
ac_cv_prog_ac_ct_CXX=g++
ac_cv_prog_cc_c89=
ac_cv_prog_cc_g=yes
ac_cv_prog_cxx_g=yes
ac_cv_prog_make_make_set=yes
ac_cv_type__Bool=no
am_cv_CC_dependencies_compiler_type=gcc3
am_cv_CXX_dependencies_compiler_type=gcc3
am_cv_make_support_nested_variables=yes
am_cv_prog_cc_c_o=yes
kde_cv_path=/opt/local/bin/pkg-config
kde_cv_path_pkg_config=/opt/local/bin/pkg-config

## ----------------- ##
## Output variables. ##
## ----------------- ##

ACLOCAL='${SHELL} /Users/jared/newcode/Acid.Cam.2.Linux/missing aclocal-1.14'
AMDEPBACKSLASH='\'
AMDEP_FALSE='#'
AMDEP_TRUE=''
AMTAR='$${TAR-tar}'
AM_BACKSLASH='\'
AM_DEFAULT_V='$(AM_DEFAULT_VERBOSITY)'
AM_DEFAULT_VERBOSITY='1'
AM_V='$(V)'
AUTOCONF='${SHELL} /Users/jared/newcode/Acid.Cam.2.Linux/missing autoconf'
AUTOHEADER='${SHELL} /Users/jared/newcode/Acid.Cam.2.Linux/missing autoheader'
AUTOMAKE='${SHELL} /Users/jared/newcode/Acid.Cam.2.Linux/missing automake-1.14'
AWK='awk'
CC='gcc'
CCDEPMODE='depmode=gcc3'
CFLAGS='-g -O2'
CPPFLAGS=''
CXX='g++'
CXXCPP='g++ -E'
CXXDEPMODE='depmode=gcc3'
CXXFLAGS='-g -O2'
CYGPATH_W='echo'
DEFS='-DHAVE_CONFIG_H'
DEPDIR='.deps'
ECHO_C='\c'
ECHO_N=''
ECHO_T=''
EGREP='/usr/bin/grep -E'
EXEEXT=''
GREP='/usr/bin/grep'
INSTALL_DATA='${INSTALL} -m 644'
INSTALL_PROGRAM='${INSTALL}'
INSTALL_SCRIPT='${INSTALL}'
INSTALL_STRIP_PROGRAM='$(install_sh) -c -s'
LDFLAGS=''
LIBOBJS=''
LIBS=''
LTLIBOBJS=''
MAKEINFO='${SHELL} /Users/jared/newcode/Acid.Cam.2.Linux/missing makeinfo'
MKDIR_P='./install-sh -c -d'
OBJEXT='o'
OPENCV_CFLAGS='-I/usr/local/include/opencv -I/usr/local/include '
OPENCV_LDFLAGS='-L/usr/local/lib -lopencv_calib3d -lopencv_core -lopencv_features2d -lopencv_flann -lopencv_highgui -lopencv_imgcodecs -lopencv_imgproc -lopencv_ml -lopencv_objdetect -lopencv_photo -lopencv_shape -lopencv_stitching -lopencv_superres -lopencv_video -lopencv_videoio -lopencv_videostab '
PACKAGE='acidcam'
PACKAGE_BUGREPORT='jaredbruni@gmail.com'
PACKAGE_NAME='AcidCam'
PACKAGE_STRING='AcidCam 2.0.19'
PACKAGE_TARNAME='acidcam'
PACKAGE_URL=''
PACKAGE_VERSION='2.0.19'
PATH_SEPARATOR=':'
SET_MAKE=''
SHELL='/bin/sh'
STRIP=''
VERSION='2.0.19'
ac_ct_CC='gcc'
ac_ct_CXX='g++'
am__EXEEXT_FALSE=''
am__EXEEXT_TRUE='#'
am__fastdepCC_FALSE='#'
am__fastdepCC_TRUE=''
am__fastdepCXX_FALSE='#'
am__fastdepCXX_TRUE=''
am__include='include'
am__isrc=''
am__leading_dot='.'
am__nodep='_no'
am__quote=''
am__tar='$${TAR-tar} chof - "$$tardir"'
am__untar='$${TAR-tar} xf -'
bindir='${exec_prefix}/bin'
build_alias=''
datadir='${datarootdir}'
datarootdir='${prefix}/share'
docdir='${datarootdir}/doc/${PACKAGE_TARNAME}'
dvidir='${docdir}'
exec_prefix='${prefix}'
host_alias=''
htmldir='${docdir}'
includedir='${prefix}/include'
infodir='${datarootdir}/info'
install_sh='${SHELL} /Users/jared/newcode/Acid.Cam.2.Linux/install-sh'
libdir='${exec_prefix}/lib'
libexecdir='${exec_prefix}/libexec'
localedir='${datarootdir}/locale'
localstatedir='${prefix}/var'
mandir='${datarootdir}/man'
mkdir_p='$(MKDIR_P)'
oldincludedir='/usr/include'
pdfdir='${docdir}'
prefix='/usr/local'
program_transform_name='s,x,x,'
psdir='${docdir}'
sbindir='${exec_prefix}/sbin'
sharedstatedir='${prefix}/com'
sysconfdir='${prefix}/etc'
target_alias=''

## ----------- ##
## confdefs.h. ##
## ----------- ##

/* confdefs.h */
#define PACKAGE_NAME "AcidCam"
#define PACKAGE_TARNAME "acidcam"
#define PACKAGE_VERSION "2.0.19"
#define PACKAGE_STRING "AcidCam 2.0.19"
#define PACKAGE_BUGREPORT "jaredbruni@gmail.com"
#define PACKAGE_URL ""
#define PACKAGE "acidcam"
#define VERSION "2.0.19"
#define STDC_HEADERS 1
#define HAVE_SYS_TYPES_H 1
#define HAVE_SYS_STAT_H 1
#define HAVE_STDLIB_H 1
#define HAVE_STRING_H 1
#define HAVE_MEMORY_H 1
#define HAVE_STRINGS_H 1
#define HAVE_INTTYPES_H 1
#define HAVE_STDINT_H 1
#define HAVE_UNISTD_H 1
#define HAVE_UNISTD_H 1
#define HAVE_SQRT 1

configure: exit 0
